#-----------------------------------------------------------
# Vivado v2019.1 (64-bit)
# SW Build 2552052 on Fri May 24 14:47:09 MDT 2019
# IP Build 2548770 on Fri May 24 18:01:18 MDT 2019
# Start of session at: Sun Sep 26 16:44:42 2021
# Process ID: 8856
# Current directory: /home/tungsten/Verilog/majorProject
# Command line: vivado
# Log file: /home/tungsten/Verilog/majorProject/vivado.log
# Journal file: /home/tungsten/Verilog/majorProject/vivado.jou
#-----------------------------------------------------------
start_gui
open_project /home/tungsten/Verilog/majorProject/majorProject.xpr
Scanning sources...
Finished scanning sources
INFO: [IP_Flow 19-234] Refreshing IP repositories
INFO: [IP_Flow 19-1704] No user IP repositories specified
INFO: [IP_Flow 19-2313] Loaded Vivado IP repository '/tools/Xilinx/Vivado/2019.1/data/ip'.
open_project: Time (s): cpu = 00:00:11 ; elapsed = 00:00:08 . Memory (MB): peak = 6375.875 ; gain = 37.000 ; free physical = 137 ; free virtual = 12477
update_compile_order -fileset sources_1
exit
INFO: [Common 17-206] Exiting Vivado at Sun Sep 26 16:59:46 2021...
